<?xml version="1.0" encoding="UTF-8"?>
<coverage generated="1637424254878" clover="3.2.0">
  <project timestamp="1637424254878" name="All files">
    <metrics statements="171" coveredstatements="111" conditionals="97" coveredconditionals="67" methods="21" coveredmethods="7" elements="289" coveredelements="185" complexity="0" loc="171" ncloc="171" packages="4" files="9" classes="9"/>
    <package name="ciphering-cli-tool">
      <metrics statements="15" coveredstatements="0" conditionals="8" coveredconditionals="0" methods="0" coveredmethods="0"/>
      <file name="mycli.js" path="C:\projects\nodejs\ciphering-cli-tool\mycli.js">
        <metrics statements="15" coveredstatements="0" conditionals="8" coveredconditionals="0" methods="0" coveredmethods="0"/>
        <line num="2" count="0" type="stmt"/>
        <line num="4" count="0" type="stmt"/>
        <line num="5" count="0" type="stmt"/>
        <line num="6" count="0" type="stmt"/>
        <line num="7" count="0" type="stmt"/>
        <line num="8" count="0" type="stmt"/>
        <line num="9" count="0" type="stmt"/>
        <line num="12" count="0" type="stmt"/>
        <line num="13" count="0" type="stmt"/>
        <line num="14" count="0" type="cond" truecount="0" falsecount="2"/>
        <line num="15" count="0" type="cond" truecount="0" falsecount="2"/>
        <line num="18" count="0" type="cond" truecount="0" falsecount="2"/>
        <line num="22" count="0" type="stmt"/>
        <line num="24" count="0" type="cond" truecount="0" falsecount="2"/>
        <line num="29" count="0" type="stmt"/>
      </file>
    </package>
    <package name="ciphering-cli-tool.src.customError">
      <metrics statements="6" coveredstatements="6" conditionals="1" coveredconditionals="1" methods="1" coveredmethods="1"/>
      <file name="myCustomError.js" path="C:\projects\nodejs\ciphering-cli-tool\src\customError\myCustomError.js">
        <metrics statements="6" coveredstatements="6" conditionals="1" coveredconditionals="1" methods="1" coveredmethods="1"/>
        <line num="1" count="2" type="stmt"/>
        <line num="4" count="17" type="stmt"/>
        <line num="5" count="17" type="stmt"/>
        <line num="6" count="17" type="stmt"/>
        <line num="7" count="17" type="stmt"/>
        <line num="11" count="2" type="stmt"/>
      </file>
    </package>
    <package name="ciphering-cli-tool.src.functions">
      <metrics statements="105" coveredstatements="105" conditionals="72" coveredconditionals="66" methods="6" coveredmethods="6"/>
      <file name="argumentsCheckFn.js" path="C:\projects\nodejs\ciphering-cli-tool\src\functions\argumentsCheckFn.js">
        <metrics statements="56" coveredstatements="56" conditionals="42" coveredconditionals="36" methods="2" coveredmethods="2"/>
        <line num="1" count="1" type="stmt"/>
        <line num="2" count="1" type="stmt"/>
        <line num="4" count="1" type="stmt"/>
        <line num="6" count="12" type="cond" truecount="4" falsecount="0"/>
        <line num="7" count="1" type="stmt"/>
        <line num="9" count="11" type="stmt"/>
        <line num="10" count="11" type="stmt"/>
        <line num="12" count="11" type="stmt"/>
        <line num="13" count="11" type="stmt"/>
        <line num="14" count="11" type="stmt"/>
        <line num="16" count="11" type="stmt"/>
        <line num="17" count="11" type="stmt"/>
        <line num="18" count="11" type="stmt"/>
        <line num="20" count="11" type="stmt"/>
        <line num="21" count="70" type="cond" truecount="6" falsecount="0"/>
        <line num="23" count="5" type="cond" truecount="1" falsecount="1"/>
        <line num="24" count="5" type="stmt"/>
        <line num="25" count="5" type="stmt"/>
        <line num="27" count="5" type="stmt"/>
        <line num="30" count="7" type="cond" truecount="1" falsecount="1"/>
        <line num="31" count="7" type="stmt"/>
        <line num="32" count="7" type="stmt"/>
        <line num="34" count="7" type="stmt"/>
        <line num="37" count="11" type="cond" truecount="1" falsecount="1"/>
        <line num="38" count="11" type="stmt"/>
        <line num="39" count="11" type="stmt"/>
        <line num="41" count="11" type="stmt"/>
        <line num="44" count="1" type="cond" truecount="1" falsecount="1"/>
        <line num="45" count="1" type="stmt"/>
        <line num="46" count="1" type="stmt"/>
        <line num="48" count="1" type="stmt"/>
        <line num="51" count="10" type="cond" truecount="1" falsecount="1"/>
        <line num="52" count="10" type="stmt"/>
        <line num="53" count="10" type="stmt"/>
        <line num="55" count="10" type="stmt"/>
        <line num="58" count="1" type="cond" truecount="1" falsecount="1"/>
        <line num="59" count="1" type="stmt"/>
        <line num="60" count="1" type="stmt"/>
        <line num="62" count="1" type="stmt"/>
        <line num="66" count="11" type="cond" truecount="2" falsecount="0"/>
        <line num="67" count="2" type="stmt"/>
        <line num="68" count="9" type="cond" truecount="2" falsecount="0"/>
        <line num="69" count="1" type="stmt"/>
        <line num="72" count="8" type="cond" truecount="2" falsecount="0"/>
        <line num="73" count="1" type="stmt"/>
        <line num="75" count="7" type="cond" truecount="2" falsecount="0"/>
        <line num="76" count="1" type="stmt"/>
        <line num="79" count="6" type="cond" truecount="2" falsecount="0"/>
        <line num="80" count="6" type="cond" truecount="2" falsecount="0"/>
        <line num="82" count="6" type="stmt"/>
        <line num="83" count="6" type="stmt"/>
        <line num="84" count="6" type="cond" truecount="4" falsecount="0"/>
        <line num="85" count="1" type="stmt"/>
        <line num="87" count="5" type="cond" truecount="4" falsecount="0"/>
        <line num="88" count="1" type="stmt"/>
        <line num="91" count="4" type="stmt"/>
      </file>
      <file name="atbashUseFn.js" path="C:\projects\nodejs\ciphering-cli-tool\src\functions\atbashUseFn.js">
        <metrics statements="8" coveredstatements="8" conditionals="8" coveredconditionals="8" methods="1" coveredmethods="1"/>
        <line num="1" count="2" type="stmt"/>
        <line num="2" count="11" type="stmt"/>
        <line num="3" count="11" type="stmt"/>
        <line num="4" count="429" type="stmt"/>
        <line num="5" count="429" type="cond" truecount="4" falsecount="0"/>
        <line num="6" count="142" type="cond" truecount="4" falsecount="0"/>
        <line num="7" count="115" type="stmt"/>
        <line num="9" count="11" type="stmt"/>
      </file>
      <file name="caesarRot8UseFn.js" path="C:\projects\nodejs\ciphering-cli-tool\src\functions\caesarRot8UseFn.js">
        <metrics statements="21" coveredstatements="21" conditionals="16" coveredconditionals="16" methods="1" coveredmethods="1"/>
        <line num="1" count="2" type="stmt"/>
        <line num="2" count="31" type="stmt"/>
        <line num="3" count="31" type="stmt"/>
        <line num="4" count="31" type="stmt"/>
        <line num="5" count="1183" type="stmt"/>
        <line num="6" count="1183" type="cond" truecount="4" falsecount="0"/>
        <line num="7" count="784" type="stmt"/>
        <line num="8" count="784" type="cond" truecount="2" falsecount="0"/>
        <line num="9" count="59" type="stmt"/>
        <line num="10" count="725" type="cond" truecount="2" falsecount="0"/>
        <line num="11" count="97" type="stmt"/>
        <line num="13" count="784" type="stmt"/>
        <line num="15" count="399" type="cond" truecount="4" falsecount="0"/>
        <line num="16" count="82" type="stmt"/>
        <line num="17" count="82" type="cond" truecount="2" falsecount="0"/>
        <line num="18" count="7" type="stmt"/>
        <line num="19" count="75" type="cond" truecount="2" falsecount="0"/>
        <line num="20" count="9" type="stmt"/>
        <line num="22" count="82" type="stmt"/>
        <line num="24" count="317" type="stmt"/>
        <line num="26" count="31" type="stmt"/>
      </file>
      <file name="finalTransformFn.js" path="C:\projects\nodejs\ciphering-cli-tool\src\functions\finalTransformFn.js">
        <metrics statements="20" coveredstatements="20" conditionals="6" coveredconditionals="6" methods="2" coveredmethods="2"/>
        <line num="1" count="1" type="stmt"/>
        <line num="2" count="1" type="stmt"/>
        <line num="4" count="1" type="stmt"/>
        <line num="6" count="1" type="stmt"/>
        <line num="7" count="5" type="stmt"/>
        <line num="8" count="5" type="stmt"/>
        <line num="9" count="5" type="stmt"/>
        <line num="13" count="38" type="cond" truecount="6" falsecount="0"/>
        <line num="15" count="10" type="stmt"/>
        <line num="16" count="10" type="stmt"/>
        <line num="19" count="3" type="stmt"/>
        <line num="20" count="3" type="stmt"/>
        <line num="23" count="10" type="stmt"/>
        <line num="24" count="10" type="stmt"/>
        <line num="26" count="9" type="stmt"/>
        <line num="27" count="9" type="stmt"/>
        <line num="30" count="5" type="stmt"/>
        <line num="31" count="5" type="stmt"/>
        <line num="32" count="1" type="stmt"/>
        <line num="35" count="4" type="stmt"/>
      </file>
    </package>
    <package name="ciphering-cli-tool.src.streams">
      <metrics statements="45" coveredstatements="0" conditionals="16" coveredconditionals="0" methods="14" coveredmethods="0"/>
      <file name="MyStdinStream.js" path="C:\projects\nodejs\ciphering-cli-tool\src\streams\MyStdinStream.js">
        <metrics statements="8" coveredstatements="0" conditionals="0" coveredconditionals="0" methods="1" coveredmethods="0"/>
        <line num="2" count="0" type="stmt"/>
        <line num="4" count="0" type="stmt"/>
        <line num="5" count="0" type="stmt"/>
        <line num="6" count="0" type="stmt"/>
        <line num="7" count="0" type="stmt"/>
        <line num="8" count="0" type="stmt"/>
        <line num="10" count="0" type="stmt"/>
        <line num="13" count="0" type="stmt"/>
      </file>
      <file name="myReadStream.js" path="C:\projects\nodejs\ciphering-cli-tool\src\streams\myReadStream.js">
        <metrics statements="20" coveredstatements="0" conditionals="10" coveredconditionals="0" methods="7" coveredmethods="0"/>
        <line num="1" count="0" type="stmt"/>
        <line num="2" count="0" type="stmt"/>
        <line num="4" count="0" type="stmt"/>
        <line num="8" count="0" type="stmt"/>
        <line num="9" count="0" type="stmt"/>
        <line num="10" count="0" type="stmt"/>
        <line num="15" count="0" type="stmt"/>
        <line num="16" count="0" type="cond" truecount="0" falsecount="2"/>
        <line num="17" count="0" type="stmt"/>
        <line num="19" count="0" type="stmt"/>
        <line num="20" count="0" type="stmt"/>
        <line num="26" count="0" type="stmt"/>
        <line num="27" count="0" type="stmt"/>
        <line num="28" count="0" type="cond" truecount="0" falsecount="2"/>
        <line num="29" count="0" type="stmt"/>
        <line num="31" count="0" type="cond" truecount="0" falsecount="2"/>
        <line num="37" count="0" type="cond" truecount="0" falsecount="2"/>
        <line num="38" count="0" type="cond" truecount="0" falsecount="2"/>
        <line num="40" count="0" type="stmt"/>
        <line num="45" count="0" type="stmt"/>
      </file>
      <file name="myWriteStream.js" path="C:\projects\nodejs\ciphering-cli-tool\src\streams\myWriteStream.js">
        <metrics statements="17" coveredstatements="0" conditionals="6" coveredconditionals="0" methods="6" coveredmethods="0"/>
        <line num="2" count="0" type="stmt"/>
        <line num="3" count="0" type="stmt"/>
        <line num="5" count="0" type="stmt"/>
        <line num="7" count="0" type="stmt"/>
        <line num="9" count="0" type="stmt"/>
        <line num="10" count="0" type="stmt"/>
        <line num="11" count="0" type="stmt"/>
        <line num="16" count="0" type="stmt"/>
        <line num="17" count="0" type="cond" truecount="0" falsecount="2"/>
        <line num="18" count="0" type="stmt"/>
        <line num="20" count="0" type="stmt"/>
        <line num="21" count="0" type="stmt"/>
        <line num="27" count="0" type="stmt"/>
        <line num="31" count="0" type="cond" truecount="0" falsecount="2"/>
        <line num="32" count="0" type="stmt"/>
        <line num="33" count="0" type="cond" truecount="0" falsecount="2"/>
        <line num="35" count="0" type="stmt"/>
      </file>
    </package>
  </project>
</coverage>
