{"C:\\projects\\nodejs\\ciphering-cli-tool\\src\\customError\\myCustomError.js": {"path":"C:\\projects\\nodejs\\ciphering-cli-tool\\src\\customError\\myCustomError.js","statementMap":{"0":{"start":{"line":1,"column":25},"end":{"line":1,"column":43}},"1":{"start":{"line":4,"column":8},"end":{"line":4,"column":22}},"2":{"start":{"line":5,"column":8},"end":{"line":5,"column":28}},"3":{"start":{"line":6,"column":8},"end":{"line":6,"column":36}},"4":{"start":{"line":7,"column":8},"end":{"line":7,"column":30}},"5":{"start":{"line":11,"column":0},"end":{"line":11,"column":30}}},"fnMap":{"0":{"name":"(anonymous_0)","decl":{"start":{"line":3,"column":4},"end":{"line":3,"column":5}},"loc":{"start":{"line":3,"column":41},"end":{"line":8,"column":5}},"line":3}},"branchMap":{"0":{"loc":{"start":{"line":3,"column":25},"end":{"line":3,"column":39}},"type":"default-arg","locations":[{"start":{"line":3,"column":38},"end":{"line":3,"column":39}}],"line":3}},"s":{"0":2,"1":15,"2":15,"3":15,"4":15,"5":2},"f":{"0":15},"b":{"0":[15]},"_coverageSchema":"1a1c01bbd47fc00a2c39e90264f33305004495a9","hash":"af809bbef63daa8cd5c14d52cac874eb43a9b4a6"}
,"C:\\projects\\nodejs\\ciphering-cli-tool\\src\\functions\\argumentsCheckFn.js": {"path":"C:\\projects\\nodejs\\ciphering-cli-tool\\src\\functions\\argumentsCheckFn.js","statementMap":{"0":{"start":{"line":1,"column":11},"end":{"line":1,"column":24}},"1":{"start":{"line":2,"column":22},"end":{"line":2,"column":61}},"2":{"start":{"line":4,"column":0},"end":{"line":92,"column":1}},"3":{"start":{"line":6,"column":4},"end":{"line":8,"column":5}},"4":{"start":{"line":7,"column":8},"end":{"line":7,"column":106}},"5":{"start":{"line":9,"column":24},"end":{"line":9,"column":25}},"6":{"start":{"line":10,"column":22},"end":{"line":10,"column":24}},"7":{"start":{"line":12,"column":27},"end":{"line":12,"column":28}},"8":{"start":{"line":13,"column":20},"end":{"line":13,"column":22}},"9":{"start":{"line":14,"column":21},"end":{"line":14,"column":23}},"10":{"start":{"line":16,"column":28},"end":{"line":16,"column":29}},"11":{"start":{"line":17,"column":21},"end":{"line":17,"column":23}},"12":{"start":{"line":18,"column":22},"end":{"line":18,"column":24}},"13":{"start":{"line":20,"column":4},"end":{"line":65,"column":7}},"14":{"start":{"line":21,"column":8},"end":{"line":64,"column":9}},"15":{"start":{"line":23,"column":16},"end":{"line":26,"column":17}},"16":{"start":{"line":24,"column":20},"end":{"line":24,"column":35}},"17":{"start":{"line":25,"column":20},"end":{"line":25,"column":39}},"18":{"start":{"line":27,"column":16},"end":{"line":27,"column":21}},"19":{"start":{"line":30,"column":16},"end":{"line":33,"column":17}},"20":{"start":{"line":31,"column":20},"end":{"line":31,"column":35}},"21":{"start":{"line":32,"column":20},"end":{"line":32,"column":39}},"22":{"start":{"line":34,"column":16},"end":{"line":34,"column":21}},"23":{"start":{"line":37,"column":16},"end":{"line":40,"column":17}},"24":{"start":{"line":38,"column":20},"end":{"line":38,"column":38}},"25":{"start":{"line":39,"column":20},"end":{"line":39,"column":38}},"26":{"start":{"line":41,"column":16},"end":{"line":41,"column":21}},"27":{"start":{"line":44,"column":16},"end":{"line":47,"column":17}},"28":{"start":{"line":45,"column":20},"end":{"line":45,"column":38}},"29":{"start":{"line":46,"column":20},"end":{"line":46,"column":38}},"30":{"start":{"line":48,"column":16},"end":{"line":48,"column":21}},"31":{"start":{"line":51,"column":16},"end":{"line":54,"column":17}},"32":{"start":{"line":52,"column":20},"end":{"line":52,"column":39}},"33":{"start":{"line":53,"column":20},"end":{"line":53,"column":39}},"34":{"start":{"line":55,"column":16},"end":{"line":55,"column":21}},"35":{"start":{"line":58,"column":16},"end":{"line":61,"column":17}},"36":{"start":{"line":59,"column":20},"end":{"line":59,"column":39}},"37":{"start":{"line":60,"column":20},"end":{"line":60,"column":39}},"38":{"start":{"line":62,"column":16},"end":{"line":62,"column":21}},"39":{"start":{"line":66,"column":4},"end":{"line":70,"column":5}},"40":{"start":{"line":67,"column":8},"end":{"line":67,"column":74}},"41":{"start":{"line":68,"column":11},"end":{"line":70,"column":5}},"42":{"start":{"line":69,"column":8},"end":{"line":69,"column":66}},"43":{"start":{"line":72,"column":4},"end":{"line":74,"column":5}},"44":{"start":{"line":73,"column":8},"end":{"line":73,"column":74}},"45":{"start":{"line":75,"column":4},"end":{"line":77,"column":5}},"46":{"start":{"line":76,"column":8},"end":{"line":76,"column":74}},"47":{"start":{"line":79,"column":4},"end":{"line":79,"column":69}},"48":{"start":{"line":79,"column":25},"end":{"line":79,"column":69}},"49":{"start":{"line":80,"column":4},"end":{"line":80,"column":72}},"50":{"start":{"line":80,"column":26},"end":{"line":80,"column":72}},"51":{"start":{"line":82,"column":25},"end":{"line":82,"column":49}},"52":{"start":{"line":83,"column":26},"end":{"line":83,"column":51}},"53":{"start":{"line":84,"column":4},"end":{"line":86,"column":5}},"54":{"start":{"line":85,"column":8},"end":{"line":85,"column":64}},"55":{"start":{"line":87,"column":4},"end":{"line":89,"column":5}},"56":{"start":{"line":88,"column":8},"end":{"line":88,"column":65}},"57":{"start":{"line":91,"column":4},"end":{"line":91,"column":49}}},"fnMap":{"0":{"name":"(anonymous_0)","decl":{"start":{"line":4,"column":17},"end":{"line":4,"column":18}},"loc":{"start":{"line":4,"column":39},"end":{"line":92,"column":1}},"line":4},"1":{"name":"(anonymous_1)","decl":{"start":{"line":20,"column":29},"end":{"line":20,"column":30}},"loc":{"start":{"line":20,"column":49},"end":{"line":65,"column":5}},"line":20}},"branchMap":{"0":{"loc":{"start":{"line":6,"column":4},"end":{"line":8,"column":5}},"type":"if","locations":[{"start":{"line":6,"column":4},"end":{"line":8,"column":5}},{"start":{},"end":{}}],"line":6},"1":{"loc":{"start":{"line":6,"column":8},"end":{"line":6,"column":77}},"type":"binary-expr","locations":[{"start":{"line":6,"column":9},"end":{"line":6,"column":37}},{"start":{"line":6,"column":43},"end":{"line":6,"column":76}}],"line":6},"2":{"loc":{"start":{"line":21,"column":8},"end":{"line":64,"column":9}},"type":"switch","locations":[{"start":{"line":22,"column":12},"end":{"line":28,"column":13}},{"start":{"line":29,"column":12},"end":{"line":35,"column":13}},{"start":{"line":36,"column":12},"end":{"line":42,"column":13}},{"start":{"line":43,"column":12},"end":{"line":49,"column":13}},{"start":{"line":50,"column":12},"end":{"line":56,"column":13}},{"start":{"line":57,"column":12},"end":{"line":63,"column":13}}],"line":21},"3":{"loc":{"start":{"line":23,"column":16},"end":{"line":26,"column":17}},"type":"if","locations":[{"start":{"line":23,"column":16},"end":{"line":26,"column":17}},{"start":{},"end":{}}],"line":23},"4":{"loc":{"start":{"line":30,"column":16},"end":{"line":33,"column":17}},"type":"if","locations":[{"start":{"line":30,"column":16},"end":{"line":33,"column":17}},{"start":{},"end":{}}],"line":30},"5":{"loc":{"start":{"line":37,"column":16},"end":{"line":40,"column":17}},"type":"if","locations":[{"start":{"line":37,"column":16},"end":{"line":40,"column":17}},{"start":{},"end":{}}],"line":37},"6":{"loc":{"start":{"line":44,"column":16},"end":{"line":47,"column":17}},"type":"if","locations":[{"start":{"line":44,"column":16},"end":{"line":47,"column":17}},{"start":{},"end":{}}],"line":44},"7":{"loc":{"start":{"line":51,"column":16},"end":{"line":54,"column":17}},"type":"if","locations":[{"start":{"line":51,"column":16},"end":{"line":54,"column":17}},{"start":{},"end":{}}],"line":51},"8":{"loc":{"start":{"line":58,"column":16},"end":{"line":61,"column":17}},"type":"if","locations":[{"start":{"line":58,"column":16},"end":{"line":61,"column":17}},{"start":{},"end":{}}],"line":58},"9":{"loc":{"start":{"line":66,"column":4},"end":{"line":70,"column":5}},"type":"if","locations":[{"start":{"line":66,"column":4},"end":{"line":70,"column":5}},{"start":{"line":68,"column":11},"end":{"line":70,"column":5}}],"line":66},"10":{"loc":{"start":{"line":68,"column":11},"end":{"line":70,"column":5}},"type":"if","locations":[{"start":{"line":68,"column":11},"end":{"line":70,"column":5}},{"start":{},"end":{}}],"line":68},"11":{"loc":{"start":{"line":72,"column":4},"end":{"line":74,"column":5}},"type":"if","locations":[{"start":{"line":72,"column":4},"end":{"line":74,"column":5}},{"start":{},"end":{}}],"line":72},"12":{"loc":{"start":{"line":75,"column":4},"end":{"line":77,"column":5}},"type":"if","locations":[{"start":{"line":75,"column":4},"end":{"line":77,"column":5}},{"start":{},"end":{}}],"line":75},"13":{"loc":{"start":{"line":79,"column":4},"end":{"line":79,"column":69}},"type":"if","locations":[{"start":{"line":79,"column":4},"end":{"line":79,"column":69}},{"start":{},"end":{}}],"line":79},"14":{"loc":{"start":{"line":80,"column":4},"end":{"line":80,"column":72}},"type":"if","locations":[{"start":{"line":80,"column":4},"end":{"line":80,"column":72}},{"start":{},"end":{}}],"line":80},"15":{"loc":{"start":{"line":84,"column":4},"end":{"line":86,"column":5}},"type":"if","locations":[{"start":{"line":84,"column":4},"end":{"line":86,"column":5}},{"start":{},"end":{}}],"line":84},"16":{"loc":{"start":{"line":84,"column":8},"end":{"line":84,"column":40}},"type":"binary-expr","locations":[{"start":{"line":84,"column":8},"end":{"line":84,"column":21}},{"start":{"line":84,"column":25},"end":{"line":84,"column":40}}],"line":84},"17":{"loc":{"start":{"line":87,"column":4},"end":{"line":89,"column":5}},"type":"if","locations":[{"start":{"line":87,"column":4},"end":{"line":89,"column":5}},{"start":{},"end":{}}],"line":87},"18":{"loc":{"start":{"line":87,"column":8},"end":{"line":87,"column":42}},"type":"binary-expr","locations":[{"start":{"line":87,"column":8},"end":{"line":87,"column":22}},{"start":{"line":87,"column":26},"end":{"line":87,"column":42}}],"line":87}},"s":{"0":1,"1":1,"2":1,"3":12,"4":1,"5":11,"6":11,"7":11,"8":11,"9":11,"10":11,"11":11,"12":11,"13":11,"14":70,"15":5,"16":5,"17":5,"18":5,"19":7,"20":7,"21":7,"22":7,"23":11,"24":11,"25":11,"26":11,"27":1,"28":1,"29":1,"30":1,"31":10,"32":10,"33":10,"34":10,"35":1,"36":1,"37":1,"38":1,"39":11,"40":2,"41":9,"42":1,"43":8,"44":1,"45":7,"46":1,"47":6,"48":5,"49":6,"50":5,"51":6,"52":6,"53":6,"54":1,"55":5,"56":1,"57":4},"f":{"0":12,"1":70},"b":{"0":[1,11],"1":[12,12],"2":[5,7,11,1,10,1],"3":[5,0],"4":[7,0],"5":[11,0],"6":[1,0],"7":[10,0],"8":[1,0],"9":[2,9],"10":[1,8],"11":[1,7],"12":[1,6],"13":[5,1],"14":[5,1],"15":[1,5],"16":[6,2],"17":[1,4],"18":[5,2]},"_coverageSchema":"1a1c01bbd47fc00a2c39e90264f33305004495a9","hash":"d5199e847484ff0979c12696af68609f1ef8fee5"}
,"C:\\projects\\nodejs\\ciphering-cli-tool\\src\\functions\\atbashUseFn.js": {"path":"C:\\projects\\nodejs\\ciphering-cli-tool\\src\\functions\\atbashUseFn.js","statementMap":{"0":{"start":{"line":1,"column":0},"end":{"line":10,"column":1}},"1":{"start":{"line":2,"column":20},"end":{"line":2,"column":22}},"2":{"start":{"line":3,"column":4},"end":{"line":8,"column":5}},"3":{"start":{"line":3,"column":17},"end":{"line":3,"column":18}},"4":{"start":{"line":4,"column":25},"end":{"line":4,"column":47}},"5":{"start":{"line":5,"column":8},"end":{"line":7,"column":68}},"6":{"start":{"line":5,"column":49},"end":{"line":5,"column":117}},"7":{"start":{"line":6,"column":13},"end":{"line":7,"column":68}},"8":{"start":{"line":6,"column":53},"end":{"line":6,"column":120}},"9":{"start":{"line":7,"column":13},"end":{"line":7,"column":68}},"10":{"start":{"line":9,"column":4},"end":{"line":9,"column":20}}},"fnMap":{"0":{"name":"(anonymous_0)","decl":{"start":{"line":1,"column":17},"end":{"line":1,"column":18}},"loc":{"start":{"line":1,"column":31},"end":{"line":10,"column":1}},"line":1}},"branchMap":{"0":{"loc":{"start":{"line":5,"column":8},"end":{"line":7,"column":68}},"type":"if","locations":[{"start":{"line":5,"column":8},"end":{"line":7,"column":68}},{"start":{"line":6,"column":13},"end":{"line":7,"column":68}}],"line":5},"1":{"loc":{"start":{"line":5,"column":12},"end":{"line":5,"column":47}},"type":"binary-expr","locations":[{"start":{"line":5,"column":12},"end":{"line":5,"column":27}},{"start":{"line":5,"column":31},"end":{"line":5,"column":47}}],"line":5},"2":{"loc":{"start":{"line":6,"column":13},"end":{"line":7,"column":68}},"type":"if","locations":[{"start":{"line":6,"column":13},"end":{"line":7,"column":68}},{"start":{"line":7,"column":13},"end":{"line":7,"column":68}}],"line":6},"3":{"loc":{"start":{"line":6,"column":17},"end":{"line":6,"column":51}},"type":"binary-expr","locations":[{"start":{"line":6,"column":17},"end":{"line":6,"column":32}},{"start":{"line":6,"column":36},"end":{"line":6,"column":51}}],"line":6}},"s":{"0":1,"1":1,"2":1,"3":1,"4":19,"5":19,"6":7,"7":12,"8":7,"9":5,"10":1},"f":{"0":1},"b":{"0":[7,12],"1":[19,8],"2":[7,5],"3":[12,8]},"_coverageSchema":"1a1c01bbd47fc00a2c39e90264f33305004495a9","hash":"6a69748e6c5a8738071e6dffff3445ed77b709c5"}
,"C:\\projects\\nodejs\\ciphering-cli-tool\\src\\functions\\caesarRot8UseFn.js": {"path":"C:\\projects\\nodejs\\ciphering-cli-tool\\src\\functions\\caesarRot8UseFn.js","statementMap":{"0":{"start":{"line":1,"column":0},"end":{"line":27,"column":1}},"1":{"start":{"line":2,"column":21},"end":{"line":2,"column":38}},"2":{"start":{"line":3,"column":20},"end":{"line":3,"column":22}},"3":{"start":{"line":4,"column":4},"end":{"line":25,"column":5}},"4":{"start":{"line":4,"column":17},"end":{"line":4,"column":18}},"5":{"start":{"line":5,"column":25},"end":{"line":5,"column":47}},"6":{"start":{"line":6,"column":8},"end":{"line":24,"column":68}},"7":{"start":{"line":7,"column":12},"end":{"line":7,"column":36}},"8":{"start":{"line":8,"column":12},"end":{"line":12,"column":13}},"9":{"start":{"line":9,"column":16},"end":{"line":9,"column":44}},"10":{"start":{"line":10,"column":19},"end":{"line":12,"column":13}},"11":{"start":{"line":11,"column":16},"end":{"line":11,"column":44}},"12":{"start":{"line":13,"column":12},"end":{"line":13,"column":56}},"13":{"start":{"line":15,"column":13},"end":{"line":24,"column":68}},"14":{"start":{"line":16,"column":12},"end":{"line":16,"column":36}},"15":{"start":{"line":17,"column":12},"end":{"line":21,"column":13}},"16":{"start":{"line":18,"column":16},"end":{"line":18,"column":44}},"17":{"start":{"line":19,"column":19},"end":{"line":21,"column":13}},"18":{"start":{"line":20,"column":16},"end":{"line":20,"column":44}},"19":{"start":{"line":22,"column":12},"end":{"line":22,"column":56}},"20":{"start":{"line":24,"column":13},"end":{"line":24,"column":68}},"21":{"start":{"line":26,"column":4},"end":{"line":26,"column":20}}},"fnMap":{"0":{"name":"(anonymous_0)","decl":{"start":{"line":1,"column":17},"end":{"line":1,"column":18}},"loc":{"start":{"line":1,"column":45},"end":{"line":27,"column":1}},"line":1}},"branchMap":{"0":{"loc":{"start":{"line":6,"column":8},"end":{"line":24,"column":68}},"type":"if","locations":[{"start":{"line":6,"column":8},"end":{"line":24,"column":68}},{"start":{"line":15,"column":13},"end":{"line":24,"column":68}}],"line":6},"1":{"loc":{"start":{"line":6,"column":12},"end":{"line":6,"column":47}},"type":"binary-expr","locations":[{"start":{"line":6,"column":12},"end":{"line":6,"column":27}},{"start":{"line":6,"column":31},"end":{"line":6,"column":47}}],"line":6},"2":{"loc":{"start":{"line":8,"column":12},"end":{"line":12,"column":13}},"type":"if","locations":[{"start":{"line":8,"column":12},"end":{"line":12,"column":13}},{"start":{"line":10,"column":19},"end":{"line":12,"column":13}}],"line":8},"3":{"loc":{"start":{"line":10,"column":19},"end":{"line":12,"column":13}},"type":"if","locations":[{"start":{"line":10,"column":19},"end":{"line":12,"column":13}},{"start":{},"end":{}}],"line":10},"4":{"loc":{"start":{"line":15,"column":13},"end":{"line":24,"column":68}},"type":"if","locations":[{"start":{"line":15,"column":13},"end":{"line":24,"column":68}},{"start":{"line":24,"column":13},"end":{"line":24,"column":68}}],"line":15},"5":{"loc":{"start":{"line":15,"column":17},"end":{"line":15,"column":51}},"type":"binary-expr","locations":[{"start":{"line":15,"column":17},"end":{"line":15,"column":32}},{"start":{"line":15,"column":36},"end":{"line":15,"column":51}}],"line":15},"6":{"loc":{"start":{"line":17,"column":12},"end":{"line":21,"column":13}},"type":"if","locations":[{"start":{"line":17,"column":12},"end":{"line":21,"column":13}},{"start":{"line":19,"column":19},"end":{"line":21,"column":13}}],"line":17},"7":{"loc":{"start":{"line":19,"column":19},"end":{"line":21,"column":13}},"type":"if","locations":[{"start":{"line":19,"column":19},"end":{"line":21,"column":13}},{"start":{},"end":{}}],"line":19}},"s":{"0":0,"1":0,"2":0,"3":0,"4":0,"5":0,"6":0,"7":0,"8":0,"9":0,"10":0,"11":0,"12":0,"13":0,"14":0,"15":0,"16":0,"17":0,"18":0,"19":0,"20":0,"21":0},"f":{"0":0},"b":{"0":[0,0],"1":[0,0],"2":[0,0],"3":[0,0],"4":[0,0],"5":[0,0],"6":[0,0],"7":[0,0]}}
,"C:\\projects\\nodejs\\ciphering-cli-tool\\src\\functions\\finalTransformFn.js": {"path":"C:\\projects\\nodejs\\ciphering-cli-tool\\src\\functions\\finalTransformFn.js","statementMap":{"0":{"start":{"line":1,"column":20},"end":{"line":1,"column":44}},"1":{"start":{"line":2,"column":24},"end":{"line":2,"column":52}},"2":{"start":{"line":4,"column":22},"end":{"line":4,"column":61}},"3":{"start":{"line":6,"column":0},"end":{"line":36,"column":1}},"4":{"start":{"line":7,"column":20},"end":{"line":7,"column":41}},"5":{"start":{"line":8,"column":20},"end":{"line":8,"column":39}},"6":{"start":{"line":9,"column":4},"end":{"line":34,"column":6}},"7":{"start":{"line":10,"column":8},"end":{"line":12,"column":9}},"8":{"start":{"line":11,"column":12},"end":{"line":11,"column":60}},"9":{"start":{"line":13,"column":8},"end":{"line":33,"column":9}},"10":{"start":{"line":15,"column":16},"end":{"line":15,"column":61}},"11":{"start":{"line":16,"column":16},"end":{"line":16,"column":21}},"12":{"start":{"line":19,"column":16},"end":{"line":19,"column":69}},"13":{"start":{"line":20,"column":16},"end":{"line":20,"column":21}},"14":{"start":{"line":23,"column":16},"end":{"line":23,"column":69}},"15":{"start":{"line":24,"column":16},"end":{"line":24,"column":21}},"16":{"start":{"line":26,"column":16},"end":{"line":26,"column":69}},"17":{"start":{"line":27,"column":16},"end":{"line":27,"column":21}},"18":{"start":{"line":30,"column":16},"end":{"line":30,"column":69}},"19":{"start":{"line":31,"column":16},"end":{"line":31,"column":21}},"20":{"start":{"line":32,"column":21},"end":{"line":32,"column":69}},"21":{"start":{"line":35,"column":4},"end":{"line":35,"column":20}}},"fnMap":{"0":{"name":"(anonymous_0)","decl":{"start":{"line":6,"column":17},"end":{"line":6,"column":18}},"loc":{"start":{"line":6,"column":43},"end":{"line":36,"column":1}},"line":6},"1":{"name":"(anonymous_1)","decl":{"start":{"line":9,"column":22},"end":{"line":9,"column":23}},"loc":{"start":{"line":9,"column":33},"end":{"line":34,"column":5}},"line":9}},"branchMap":{"0":{"loc":{"start":{"line":10,"column":8},"end":{"line":12,"column":9}},"type":"if","locations":[{"start":{"line":10,"column":8},"end":{"line":12,"column":9}},{"start":{},"end":{}}],"line":10},"1":{"loc":{"start":{"line":10,"column":12},"end":{"line":10,"column":107}},"type":"binary-expr","locations":[{"start":{"line":10,"column":12},"end":{"line":10,"column":27}},{"start":{"line":10,"column":31},"end":{"line":10,"column":47}},{"start":{"line":10,"column":51},"end":{"line":10,"column":67}},{"start":{"line":10,"column":71},"end":{"line":10,"column":87}},{"start":{"line":10,"column":91},"end":{"line":10,"column":107}}],"line":10},"2":{"loc":{"start":{"line":13,"column":8},"end":{"line":33,"column":9}},"type":"switch","locations":[{"start":{"line":14,"column":12},"end":{"line":16,"column":21}},{"start":{"line":18,"column":12},"end":{"line":20,"column":21}},{"start":{"line":22,"column":12},"end":{"line":24,"column":21}},{"start":{"line":25,"column":12},"end":{"line":27,"column":21}},{"start":{"line":29,"column":12},"end":{"line":31,"column":21}},{"start":{"line":32,"column":12},"end":{"line":32,"column":69}}],"line":13}},"s":{"0":0,"1":0,"2":0,"3":0,"4":0,"5":0,"6":0,"7":0,"8":0,"9":0,"10":0,"11":0,"12":0,"13":0,"14":0,"15":0,"16":0,"17":0,"18":0,"19":0,"20":0,"21":0},"f":{"0":0,"1":0},"b":{"0":[0,0],"1":[0,0,0,0,0],"2":[0,0,0,0,0,0]}}
,"C:\\projects\\nodejs\\ciphering-cli-tool\\src\\streams\\MyStdinStream.js": {"path":"C:\\projects\\nodejs\\ciphering-cli-tool\\src\\streams\\MyStdinStream.js","statementMap":{"0":{"start":{"line":2,"column":22},"end":{"line":2,"column":61}},"1":{"start":{"line":4,"column":22},"end":{"line":11,"column":1}},"2":{"start":{"line":5,"column":4},"end":{"line":10,"column":63}},"3":{"start":{"line":6,"column":8},"end":{"line":6,"column":73}},"4":{"start":{"line":7,"column":8},"end":{"line":7,"column":30}},"5":{"start":{"line":8,"column":8},"end":{"line":8,"column":28}},"6":{"start":{"line":10,"column":12},"end":{"line":10,"column":61}},"7":{"start":{"line":13,"column":0},"end":{"line":13,"column":30}}},"fnMap":{"0":{"name":"(anonymous_0)","decl":{"start":{"line":4,"column":22},"end":{"line":4,"column":23}},"loc":{"start":{"line":4,"column":28},"end":{"line":11,"column":1}},"line":4}},"branchMap":{},"s":{"0":0,"1":0,"2":0,"3":0,"4":0,"5":0,"6":0,"7":0},"f":{"0":0},"b":{}}
,"C:\\projects\\nodejs\\ciphering-cli-tool\\src\\streams\\myReadStream.js": {"path":"C:\\projects\\nodejs\\ciphering-cli-tool\\src\\streams\\myReadStream.js","statementMap":{"0":{"start":{"line":1,"column":21},"end":{"line":1,"column":38}},"1":{"start":{"line":2,"column":11},"end":{"line":2,"column":24}},"2":{"start":{"line":4,"column":22},"end":{"line":4,"column":61}},"3":{"start":{"line":8,"column":8},"end":{"line":8,"column":16}},"4":{"start":{"line":9,"column":8},"end":{"line":9,"column":33}},"5":{"start":{"line":10,"column":8},"end":{"line":10,"column":23}},"6":{"start":{"line":15,"column":8},"end":{"line":22,"column":11}},"7":{"start":{"line":16,"column":12},"end":{"line":21,"column":13}},"8":{"start":{"line":17,"column":16},"end":{"line":17,"column":72}},"9":{"start":{"line":19,"column":16},"end":{"line":19,"column":29}},"10":{"start":{"line":20,"column":16},"end":{"line":20,"column":27}},"11":{"start":{"line":26,"column":20},"end":{"line":26,"column":35}},"12":{"start":{"line":27,"column":8},"end":{"line":33,"column":11}},"13":{"start":{"line":28,"column":12},"end":{"line":32,"column":13}},"14":{"start":{"line":29,"column":16},"end":{"line":29,"column":33}},"15":{"start":{"line":31,"column":16},"end":{"line":31,"column":74}},"16":{"start":{"line":37,"column":8},"end":{"line":41,"column":9}},"17":{"start":{"line":38,"column":12},"end":{"line":38,"column":59}},"18":{"start":{"line":38,"column":38},"end":{"line":38,"column":57}},"19":{"start":{"line":40,"column":12},"end":{"line":40,"column":25}},"20":{"start":{"line":45,"column":0},"end":{"line":45,"column":29}}},"fnMap":{"0":{"name":"(anonymous_0)","decl":{"start":{"line":7,"column":4},"end":{"line":7,"column":5}},"loc":{"start":{"line":7,"column":26},"end":{"line":11,"column":5}},"line":7},"1":{"name":"(anonymous_1)","decl":{"start":{"line":14,"column":4},"end":{"line":14,"column":5}},"loc":{"start":{"line":14,"column":25},"end":{"line":23,"column":5}},"line":14},"2":{"name":"(anonymous_2)","decl":{"start":{"line":15,"column":37},"end":{"line":15,"column":38}},"loc":{"start":{"line":15,"column":50},"end":{"line":22,"column":9}},"line":15},"3":{"name":"(anonymous_3)","decl":{"start":{"line":25,"column":4},"end":{"line":25,"column":5}},"loc":{"start":{"line":25,"column":13},"end":{"line":34,"column":5}},"line":25},"4":{"name":"(anonymous_4)","decl":{"start":{"line":27,"column":42},"end":{"line":27,"column":43}},"loc":{"start":{"line":27,"column":62},"end":{"line":33,"column":9}},"line":27},"5":{"name":"(anonymous_5)","decl":{"start":{"line":36,"column":4},"end":{"line":36,"column":5}},"loc":{"start":{"line":36,"column":28},"end":{"line":42,"column":5}},"line":36},"6":{"name":"(anonymous_6)","decl":{"start":{"line":38,"column":30},"end":{"line":38,"column":31}},"loc":{"start":{"line":38,"column":38},"end":{"line":38,"column":57}},"line":38}},"branchMap":{"0":{"loc":{"start":{"line":16,"column":12},"end":{"line":21,"column":13}},"type":"if","locations":[{"start":{"line":16,"column":12},"end":{"line":21,"column":13}},{"start":{"line":18,"column":19},"end":{"line":21,"column":13}}],"line":16},"1":{"loc":{"start":{"line":28,"column":12},"end":{"line":32,"column":13}},"type":"if","locations":[{"start":{"line":28,"column":12},"end":{"line":32,"column":13}},{"start":{"line":30,"column":19},"end":{"line":32,"column":13}}],"line":28},"2":{"loc":{"start":{"line":31,"column":26},"end":{"line":31,"column":72}},"type":"cond-expr","locations":[{"start":{"line":31,"column":42},"end":{"line":31,"column":65}},{"start":{"line":31,"column":68},"end":{"line":31,"column":72}}],"line":31},"3":{"loc":{"start":{"line":37,"column":8},"end":{"line":41,"column":9}},"type":"if","locations":[{"start":{"line":37,"column":8},"end":{"line":41,"column":9}},{"start":{"line":39,"column":15},"end":{"line":41,"column":9}}],"line":37},"4":{"loc":{"start":{"line":38,"column":47},"end":{"line":38,"column":56}},"type":"binary-expr","locations":[{"start":{"line":38,"column":47},"end":{"line":38,"column":49}},{"start":{"line":38,"column":53},"end":{"line":38,"column":56}}],"line":38}},"s":{"0":0,"1":0,"2":0,"3":0,"4":0,"5":0,"6":0,"7":0,"8":0,"9":0,"10":0,"11":0,"12":0,"13":0,"14":0,"15":0,"16":0,"17":0,"18":0,"19":0,"20":0},"f":{"0":0,"1":0,"2":0,"3":0,"4":0,"5":0,"6":0},"b":{"0":[0,0],"1":[0,0],"2":[0,0],"3":[0,0],"4":[0,0]}}
,"C:\\projects\\nodejs\\ciphering-cli-tool\\src\\streams\\myWriteStream.js": {"path":"C:\\projects\\nodejs\\ciphering-cli-tool\\src\\streams\\myWriteStream.js","statementMap":{"0":{"start":{"line":2,"column":21},"end":{"line":2,"column":38}},"1":{"start":{"line":3,"column":11},"end":{"line":3,"column":24}},"2":{"start":{"line":5,"column":22},"end":{"line":5,"column":61}},"3":{"start":{"line":7,"column":0},"end":{"line":38,"column":1}},"4":{"start":{"line":9,"column":8},"end":{"line":9,"column":15}},"5":{"start":{"line":10,"column":8},"end":{"line":10,"column":32}},"6":{"start":{"line":11,"column":8},"end":{"line":11,"column":22}},"7":{"start":{"line":16,"column":8},"end":{"line":23,"column":10}},"8":{"start":{"line":17,"column":12},"end":{"line":22,"column":13}},"9":{"start":{"line":18,"column":16},"end":{"line":18,"column":77}},"10":{"start":{"line":20,"column":16},"end":{"line":20,"column":28}},"11":{"start":{"line":21,"column":16},"end":{"line":21,"column":26}},"12":{"start":{"line":27,"column":8},"end":{"line":27,"column":42}},"13":{"start":{"line":31,"column":8},"end":{"line":36,"column":9}},"14":{"start":{"line":32,"column":12},"end":{"line":32,"column":43}},"15":{"start":{"line":33,"column":12},"end":{"line":33,"column":58}},"16":{"start":{"line":33,"column":38},"end":{"line":33,"column":57}},"17":{"start":{"line":35,"column":12},"end":{"line":35,"column":77}}},"fnMap":{"0":{"name":"(anonymous_0)","decl":{"start":{"line":8,"column":4},"end":{"line":8,"column":5}},"loc":{"start":{"line":8,"column":26},"end":{"line":12,"column":5}},"line":8},"1":{"name":"(anonymous_1)","decl":{"start":{"line":15,"column":4},"end":{"line":15,"column":5}},"loc":{"start":{"line":15,"column":25},"end":{"line":24,"column":5}},"line":15},"2":{"name":"(anonymous_2)","decl":{"start":{"line":16,"column":37},"end":{"line":16,"column":38}},"loc":{"start":{"line":16,"column":50},"end":{"line":23,"column":9}},"line":16},"3":{"name":"(anonymous_3)","decl":{"start":{"line":26,"column":4},"end":{"line":26,"column":5}},"loc":{"start":{"line":26,"column":39},"end":{"line":28,"column":5}},"line":26},"4":{"name":"(anonymous_4)","decl":{"start":{"line":30,"column":4},"end":{"line":30,"column":5}},"loc":{"start":{"line":30,"column":28},"end":{"line":37,"column":5}},"line":30},"5":{"name":"(anonymous_5)","decl":{"start":{"line":33,"column":30},"end":{"line":33,"column":31}},"loc":{"start":{"line":33,"column":38},"end":{"line":33,"column":57}},"line":33}},"branchMap":{"0":{"loc":{"start":{"line":17,"column":12},"end":{"line":22,"column":13}},"type":"if","locations":[{"start":{"line":17,"column":12},"end":{"line":22,"column":13}},{"start":{"line":19,"column":19},"end":{"line":22,"column":13}}],"line":17},"1":{"loc":{"start":{"line":31,"column":8},"end":{"line":36,"column":9}},"type":"if","locations":[{"start":{"line":31,"column":8},"end":{"line":36,"column":9}},{"start":{"line":34,"column":15},"end":{"line":36,"column":9}}],"line":31},"2":{"loc":{"start":{"line":33,"column":47},"end":{"line":33,"column":56}},"type":"binary-expr","locations":[{"start":{"line":33,"column":47},"end":{"line":33,"column":49}},{"start":{"line":33,"column":53},"end":{"line":33,"column":56}}],"line":33}},"s":{"0":0,"1":0,"2":0,"3":0,"4":0,"5":0,"6":0,"7":0,"8":0,"9":0,"10":0,"11":0,"12":0,"13":0,"14":0,"15":0,"16":0,"17":0},"f":{"0":0,"1":0,"2":0,"3":0,"4":0,"5":0},"b":{"0":[0,0],"1":[0,0],"2":[0,0]}}
}
