TN:
SF:src\customError\myCustomError.js
FN:3,(anonymous_0)
FNF:1
FNH:1
FNDA:15,(anonymous_0)
DA:1,1
DA:4,15
DA:5,15
DA:6,15
DA:7,15
DA:11,1
LF:6
LH:6
BRDA:3,0,0,15
BRF:1
BRH:1
end_of_record
TN:
SF:src\functions\argumentsCheckFn.js
FN:4,(anonymous_0)
FN:20,(anonymous_1)
FNF:2
FNH:2
FNDA:12,(anonymous_0)
FNDA:70,(anonymous_1)
DA:1,1
DA:2,1
DA:4,1
DA:6,12
DA:7,1
DA:9,11
DA:10,11
DA:12,11
DA:13,11
DA:14,11
DA:16,11
DA:17,11
DA:18,11
DA:20,11
DA:21,70
DA:23,5
DA:24,5
DA:25,5
DA:27,5
DA:30,7
DA:31,7
DA:32,7
DA:34,7
DA:37,11
DA:38,11
DA:39,11
DA:41,11
DA:44,1
DA:45,1
DA:46,1
DA:48,1
DA:51,10
DA:52,10
DA:53,10
DA:55,10
DA:58,1
DA:59,1
DA:60,1
DA:62,1
DA:69,11
DA:70,2
DA:71,9
DA:72,1
DA:75,8
DA:76,1
DA:78,7
DA:79,1
DA:82,6
DA:83,6
DA:85,6
DA:86,6
DA:87,6
DA:88,1
DA:90,5
DA:91,1
DA:94,4
LF:56
LH:56
BRDA:6,0,0,1
BRDA:6,0,1,11
BRDA:6,1,0,12
BRDA:6,1,1,12
BRDA:21,2,0,5
BRDA:21,2,1,7
BRDA:21,2,2,11
BRDA:21,2,3,1
BRDA:21,2,4,10
BRDA:21,2,5,1
BRDA:21,2,6,35
BRDA:23,3,0,5
BRDA:23,3,1,0
BRDA:30,4,0,7
BRDA:30,4,1,0
BRDA:37,5,0,11
BRDA:37,5,1,0
BRDA:44,6,0,1
BRDA:44,6,1,0
BRDA:51,7,0,10
BRDA:51,7,1,0
BRDA:58,8,0,1
BRDA:58,8,1,0
BRDA:69,9,0,2
BRDA:69,9,1,9
BRDA:71,10,0,1
BRDA:71,10,1,8
BRDA:75,11,0,1
BRDA:75,11,1,7
BRDA:78,12,0,1
BRDA:78,12,1,6
BRDA:82,13,0,5
BRDA:82,13,1,1
BRDA:83,14,0,5
BRDA:83,14,1,1
BRDA:87,15,0,1
BRDA:87,15,1,5
BRDA:87,16,0,6
BRDA:87,16,1,2
BRDA:90,17,0,1
BRDA:90,17,1,4
BRDA:90,18,0,5
BRDA:90,18,1,2
BRF:43
BRH:37
end_of_record
TN:
SF:src\functions\atbashUseFn.js
FN:1,(anonymous_0)
FNF:1
FNH:0
FNDA:0,(anonymous_0)
DA:1,0
DA:2,0
DA:3,0
DA:4,0
DA:5,0
DA:6,0
DA:7,0
DA:9,0
LF:8
LH:0
BRDA:5,0,0,0
BRDA:5,0,1,0
BRDA:5,1,0,0
BRDA:5,1,1,0
BRDA:6,2,0,0
BRDA:6,2,1,0
BRDA:6,3,0,0
BRDA:6,3,1,0
BRF:8
BRH:0
end_of_record
TN:
SF:src\functions\atbashUseFn.task.js
FN:1,(anonymous_0)
FNF:1
FNH:0
FNDA:0,(anonymous_0)
DA:1,0
DA:2,0
DA:3,0
DA:4,0
DA:5,0
DA:6,0
DA:7,0
DA:9,0
LF:8
LH:0
BRDA:5,0,0,0
BRDA:5,0,1,0
BRDA:5,1,0,0
BRDA:5,1,1,0
BRDA:6,2,0,0
BRDA:6,2,1,0
BRDA:6,3,0,0
BRDA:6,3,1,0
BRF:8
BRH:0
end_of_record
TN:
SF:src\functions\caesarRot8UseFn.js
FN:1,(anonymous_0)
FNF:1
FNH:0
FNDA:0,(anonymous_0)
DA:1,0
DA:2,0
DA:3,0
DA:4,0
DA:5,0
DA:6,0
DA:7,0
DA:8,0
DA:9,0
DA:10,0
DA:11,0
DA:13,0
DA:15,0
DA:16,0
DA:17,0
DA:18,0
DA:19,0
DA:20,0
DA:22,0
DA:24,0
DA:26,0
LF:21
LH:0
BRDA:6,0,0,0
BRDA:6,0,1,0
BRDA:6,1,0,0
BRDA:6,1,1,0
BRDA:8,2,0,0
BRDA:8,2,1,0
BRDA:10,3,0,0
BRDA:10,3,1,0
BRDA:15,4,0,0
BRDA:15,4,1,0
BRDA:15,5,0,0
BRDA:15,5,1,0
BRDA:17,6,0,0
BRDA:17,6,1,0
BRDA:19,7,0,0
BRDA:19,7,1,0
BRF:16
BRH:0
end_of_record
TN:
SF:src\functions\finalTransformFn.js
FN:6,(anonymous_0)
FN:9,(anonymous_1)
FNF:2
FNH:0
FNDA:0,(anonymous_0)
FNDA:0,(anonymous_1)
DA:1,0
DA:2,0
DA:4,0
DA:6,0
DA:7,0
DA:8,0
DA:9,0
DA:10,0
DA:11,0
DA:13,0
DA:15,0
DA:16,0
DA:19,0
DA:20,0
DA:23,0
DA:24,0
DA:26,0
DA:27,0
DA:30,0
DA:31,0
DA:32,0
DA:35,0
LF:22
LH:0
BRDA:10,0,0,0
BRDA:10,0,1,0
BRDA:10,1,0,0
BRDA:10,1,1,0
BRDA:10,1,2,0
BRDA:10,1,3,0
BRDA:10,1,4,0
BRDA:13,2,0,0
BRDA:13,2,1,0
BRDA:13,2,2,0
BRDA:13,2,3,0
BRDA:13,2,4,0
BRDA:13,2,5,0
BRF:13
BRH:0
end_of_record
TN:
SF:src\streams\MyStdinStream.js
FN:4,(anonymous_0)
FNF:1
FNH:0
FNDA:0,(anonymous_0)
DA:2,0
DA:4,0
DA:5,0
DA:6,0
DA:7,0
DA:8,0
DA:10,0
DA:13,0
LF:8
LH:0
BRF:0
BRH:0
end_of_record
TN:
SF:src\streams\myReadStream.js
FN:7,(anonymous_0)
FN:14,(anonymous_1)
FN:15,(anonymous_2)
FN:25,(anonymous_3)
FN:27,(anonymous_4)
FN:36,(anonymous_5)
FN:38,(anonymous_6)
FNF:7
FNH:0
FNDA:0,(anonymous_0)
FNDA:0,(anonymous_1)
FNDA:0,(anonymous_2)
FNDA:0,(anonymous_3)
FNDA:0,(anonymous_4)
FNDA:0,(anonymous_5)
FNDA:0,(anonymous_6)
DA:1,0
DA:2,0
DA:4,0
DA:8,0
DA:9,0
DA:10,0
DA:15,0
DA:16,0
DA:17,0
DA:19,0
DA:20,0
DA:26,0
DA:27,0
DA:28,0
DA:29,0
DA:31,0
DA:37,0
DA:38,0
DA:40,0
DA:45,0
LF:20
LH:0
BRDA:16,0,0,0
BRDA:16,0,1,0
BRDA:28,1,0,0
BRDA:28,1,1,0
BRDA:31,2,0,0
BRDA:31,2,1,0
BRDA:37,3,0,0
BRDA:37,3,1,0
BRDA:38,4,0,0
BRDA:38,4,1,0
BRF:10
BRH:0
end_of_record
TN:
SF:src\streams\myWriteStream.js
FN:8,(anonymous_0)
FN:15,(anonymous_1)
FN:16,(anonymous_2)
FN:26,(anonymous_3)
FN:30,(anonymous_4)
FN:33,(anonymous_5)
FNF:6
FNH:0
FNDA:0,(anonymous_0)
FNDA:0,(anonymous_1)
FNDA:0,(anonymous_2)
FNDA:0,(anonymous_3)
FNDA:0,(anonymous_4)
FNDA:0,(anonymous_5)
DA:2,0
DA:3,0
DA:5,0
DA:7,0
DA:9,0
DA:10,0
DA:11,0
DA:16,0
DA:17,0
DA:18,0
DA:20,0
DA:21,0
DA:27,0
DA:31,0
DA:32,0
DA:33,0
DA:35,0
LF:17
LH:0
BRDA:17,0,0,0
BRDA:17,0,1,0
BRDA:31,1,0,0
BRDA:31,1,1,0
BRDA:33,2,0,0
BRDA:33,2,1,0
BRF:6
BRH:0
end_of_record
